Started at Tue Jan 16 11:02:42 UTC 2024
Processing job1
Offering job1 to Project Build Discarder
Processing job2
Offering job2 to Project Build Discarder
Processing job3
Offering job3 to Project Build Discarder
Processing FolderOne/job1
Offering FolderOne/job1 to Project Build Discarder
Processing FolderOne/job2
Offering FolderOne/job2 to Project Build Discarder
Finished at Tue Jan 16 11:02:42 UTC 2024. 3ms
Started at Tue Jan 16 13:34:07 UTC 2024
Processing job1
Offering job1 to Project Build Discarder
Processing job2
Offering job2 to Project Build Discarder
Processing job3
Offering job3 to Project Build Discarder
Processing job4
Offering job4 to Project Build Discarder
Processing job5
Offering job5 to Project Build Discarder
Processing FolderOne/job1
Offering FolderOne/job1 to Project Build Discarder
Processing FolderOne/job2
Offering FolderOne/job2 to Project Build Discarder
Finished at Tue Jan 16 13:34:07 UTC 2024. 0ms
